[2026-04-19 05:26:30 +0000] [1254225] [INFO] Starting gunicorn 25.3.0
[2026-04-19 05:26:30 +0000] [1254225] [INFO] Listening at: http://0.0.0.0:5050 (1254225)
[2026-04-19 05:26:30 +0000] [1254225] [INFO] Using worker: sync
[2026-04-19 05:26:30 +0000] [1254227] [INFO] Booting worker with pid: 1254227
[2026-04-19 05:26:30 +0000] [1254228] [INFO] Booting worker with pid: 1254228
[2026-04-19 05:26:30 +0000] [1254225] [INFO] Control socket listening at /home/freelancer8/.gunicorn/gunicorn.ctl
[2026-04-19 05:32:22 +0000] [1254225] [INFO] Handling signal: term
[2026-04-19 05:32:22 +0000] [1254228] [INFO] Worker exiting (pid: 1254228)
[2026-04-19 05:32:22 +0000] [1254227] [INFO] Worker exiting (pid: 1254227)
[2026-04-19 05:32:22 +0000] [1254225] [INFO] Worker (pid:1254227) was sent SIGTERM!
[2026-04-19 05:32:22 +0000] [1254225] [INFO] Worker (pid:1254228) was sent SIGTERM!
[2026-04-19 05:32:22 +0000] [1254225] [INFO] Shutting down: Master
[2026-04-19 05:32:23 +0000] [1256063] [INFO] Starting gunicorn 25.3.0
[2026-04-19 05:32:23 +0000] [1256063] [INFO] Listening at: http://0.0.0.0:5050 (1256063)
[2026-04-19 05:32:23 +0000] [1256063] [INFO] Using worker: sync
[2026-04-19 05:32:23 +0000] [1256064] [INFO] Booting worker with pid: 1256064
[2026-04-19 05:32:23 +0000] [1256080] [INFO] Booting worker with pid: 1256080
[2026-04-19 05:32:23 +0000] [1256063] [INFO] Control socket listening at /home/freelancer8/.gunicorn/gunicorn.ctl
[2026-04-19 05:57:07 +0000] [1256063] [INFO] Handling signal: term
[2026-04-19 05:57:07 +0000] [1256080] [INFO] Worker exiting (pid: 1256080)
[2026-04-19 05:57:07 +0000] [1256064] [INFO] Worker exiting (pid: 1256064)
[2026-04-19 05:57:07 +0000] [1256063] [INFO] Worker (pid:1256064) was sent SIGTERM!
[2026-04-19 05:57:07 +0000] [1256063] [INFO] Worker (pid:1256080) was sent SIGTERM!
[2026-04-19 05:57:07 +0000] [1256063] [INFO] Shutting down: Master
[2026-04-19 05:57:08 +0000] [1266656] [INFO] Starting gunicorn 25.3.0
[2026-04-19 05:57:08 +0000] [1266656] [INFO] Listening at: http://0.0.0.0:5050 (1266656)
[2026-04-19 05:57:08 +0000] [1266656] [INFO] Using worker: sync
[2026-04-19 05:57:08 +0000] [1266657] [INFO] Booting worker with pid: 1266657
[2026-04-19 05:57:08 +0000] [1266658] [INFO] Booting worker with pid: 1266658
[2026-04-19 05:57:08 +0000] [1266656] [INFO] Control socket listening at /home/freelancer8/.gunicorn/gunicorn.ctl
[2026-04-19 05:58:17 +0000] [1266656] [INFO] Handling signal: term
[2026-04-19 05:58:17 +0000] [1266657] [INFO] Worker exiting (pid: 1266657)
[2026-04-19 05:58:17 +0000] [1266658] [INFO] Worker exiting (pid: 1266658)
[2026-04-19 05:58:18 +0000] [1266656] [INFO] Worker (pid:1266657) was sent SIGTERM!
[2026-04-19 05:58:18 +0000] [1266656] [INFO] Worker (pid:1266658) was sent SIGTERM!
[2026-04-19 05:58:18 +0000] [1266656] [INFO] Shutting down: Master
[2026-04-19 05:58:19 +0000] [1267123] [INFO] Starting gunicorn 25.3.0
[2026-04-19 05:58:19 +0000] [1267123] [INFO] Listening at: http://0.0.0.0:5050 (1267123)
[2026-04-19 05:58:19 +0000] [1267123] [INFO] Using worker: sync
[2026-04-19 05:58:19 +0000] [1267124] [INFO] Booting worker with pid: 1267124
[2026-04-19 05:58:19 +0000] [1267125] [INFO] Booting worker with pid: 1267125
[2026-04-19 05:58:19 +0000] [1267123] [INFO] Control socket listening at /home/freelancer8/.gunicorn/gunicorn.ctl
[2026-04-19 06:06:31 +0000] [1267124] [INFO] Worker exiting (pid: 1267124)
[2026-04-19 06:06:31 +0000] [1267123] [INFO] Handling signal: term
[2026-04-19 06:06:31 +0000] [1267125] [INFO] Worker exiting (pid: 1267125)
[2026-04-19 06:06:31 +0000] [1267123] [INFO] Worker (pid:1267124) was sent SIGTERM!
[2026-04-19 06:06:31 +0000] [1267123] [INFO] Worker (pid:1267125) was sent SIGTERM!
[2026-04-19 06:06:31 +0000] [1267123] [INFO] Shutting down: Master
[2026-04-19 06:06:32 +0000] [1269983] [INFO] Starting gunicorn 25.3.0
[2026-04-19 06:06:32 +0000] [1269983] [INFO] Listening at: http://0.0.0.0:5050 (1269983)
[2026-04-19 06:06:32 +0000] [1269983] [INFO] Using worker: sync
[2026-04-19 06:06:32 +0000] [1269984] [INFO] Booting worker with pid: 1269984
[2026-04-19 06:06:32 +0000] [1269985] [INFO] Booting worker with pid: 1269985
[2026-04-19 06:06:32 +0000] [1269983] [INFO] Control socket listening at /home/freelancer8/.gunicorn/gunicorn.ctl
[2026-04-19 06:37:03 +0000] [1269983] [INFO] Handling signal: term
[2026-04-19 06:37:03 +0000] [1269984] [INFO] Worker exiting (pid: 1269984)
[2026-04-19 06:37:03 +0000] [1269985] [INFO] Worker exiting (pid: 1269985)
[2026-04-19 06:37:04 +0000] [1269983] [INFO] Worker (pid:1269984) was sent SIGTERM!
[2026-04-19 06:37:04 +0000] [1269983] [INFO] Worker (pid:1269985) was sent SIGTERM!
[2026-04-19 06:37:04 +0000] [1269983] [INFO] Shutting down: Master
[2026-04-19 06:37:14 +0000] [1282183] [INFO] Starting gunicorn 25.3.0
[2026-04-19 06:37:14 +0000] [1282183] [INFO] Listening at: http://0.0.0.0:5050 (1282183)
[2026-04-19 06:37:14 +0000] [1282183] [INFO] Using worker: sync
[2026-04-19 06:37:14 +0000] [1282184] [INFO] Booting worker with pid: 1282184
[2026-04-19 06:37:14 +0000] [1282185] [INFO] Booting worker with pid: 1282185
[2026-04-19 06:37:14 +0000] [1282183] [INFO] Control socket listening at /home/freelancer8/.gunicorn/gunicorn.ctl
[2026-04-19 13:47:26 +0000] [1282183] [INFO] Handling signal: term
[2026-04-19 13:47:26 +0000] [1282184] [INFO] Worker exiting (pid: 1282184)
[2026-04-19 13:47:26 +0000] [1282185] [INFO] Worker exiting (pid: 1282185)
[2026-04-19 13:47:26 +0000] [1282183] [INFO] Worker (pid:1282184) was sent SIGTERM!
[2026-04-19 13:47:26 +0000] [1282183] [INFO] Worker (pid:1282185) was sent SIGTERM!
[2026-04-19 13:47:26 +0000] [1282183] [INFO] Shutting down: Master
[2026-04-19 19:15:02 +0000] [1781764] [INFO] Starting gunicorn 25.3.0
[2026-04-19 19:15:02 +0000] [1781764] [INFO] Listening at: http://0.0.0.0:5050 (1781764)
[2026-04-19 19:15:02 +0000] [1781764] [INFO] Using worker: sync
[2026-04-19 19:15:02 +0000] [1781769] [INFO] Booting worker with pid: 1781769
[2026-04-19 19:15:02 +0000] [1781777] [INFO] Booting worker with pid: 1781777
[2026-04-19 19:15:02 +0000] [1781764] [INFO] Control socket listening at /home/freelancer8/.gunicorn/gunicorn.ctl
[2026-04-19 19:27:59 +0000] [1781764] [INFO] Handling signal: term
[2026-04-19 19:27:59 +0000] [1781769] [INFO] Worker exiting (pid: 1781769)
[2026-04-19 19:27:59 +0000] [1781764] [INFO] Worker (pid:1781769) was sent SIGTERM!
[2026-04-19 19:27:59 +0000] [1781777] [INFO] Worker exiting (pid: 1781777)
[2026-04-19 19:28:00 +0000] [1781764] [INFO] Shutting down: Master
[2026-04-20 12:40:01 +0000] [2738431] [INFO] Starting gunicorn 25.3.0
[2026-04-20 12:40:01 +0000] [2738431] [INFO] Listening at: http://0.0.0.0:5050 (2738431)
[2026-04-20 12:40:01 +0000] [2738431] [INFO] Using worker: sync
[2026-04-20 12:40:01 +0000] [2738436] [INFO] Booting worker with pid: 2738436
[2026-04-20 12:40:01 +0000] [2738437] [INFO] Booting worker with pid: 2738437
[2026-04-20 12:40:01 +0000] [2738431] [INFO] Control socket listening at /home/freelancer8/.gunicorn/gunicorn.ctl
[2026-04-20 15:42:16 +0000] [2738431] [CRITICAL] WORKER TIMEOUT (pid:2738436)
[2026-04-20 15:42:16 +0000] [2738436] [ERROR] Error handling request (no URI read)
Traceback (most recent call last):
  File "/home/freelancer8/.local/lib/python3.12/site-packages/gunicorn/workers/sync.py", line 141, in handle
    req = next(parser)
          ^^^^^^^^^^^^
  File "/home/freelancer8/.local/lib/python3.12/site-packages/gunicorn/http/parser.py", line 56, in __next__
    self.mesg = self.mesg_class(self.cfg, self.unreader, self.source_addr, self.req_count)
                ^^^^^^^^^^^^^^^^^^^^^^^^^^^^^^^^^^^^^^^^^^^^^^^^^^^^^^^^^^^^^^^^^^^^^^^^^^
  File "/home/freelancer8/.local/lib/python3.12/site-packages/gunicorn/http/message.py", line 410, in __init__
    super().__init__(cfg, unreader, peer_addr)
  File "/home/freelancer8/.local/lib/python3.12/site-packages/gunicorn/http/message.py", line 184, in __init__
    unused = self.parse(self.unreader)
             ^^^^^^^^^^^^^^^^^^^^^^^^^
  File "/home/freelancer8/.local/lib/python3.12/site-packages/gunicorn/http/message.py", line 433, in parse
    return self._parse_python(unreader, buf)
           ^^^^^^^^^^^^^^^^^^^^^^^^^^^^^^^^^
  File "/home/freelancer8/.local/lib/python3.12/site-packages/gunicorn/http/message.py", line 527, in _parse_python
    line, buf = self.read_line(unreader, buf, self.limit_request_line)
                ^^^^^^^^^^^^^^^^^^^^^^^^^^^^^^^^^^^^^^^^^^^^^^^^^^^^^^
  File "/home/freelancer8/.local/lib/python3.12/site-packages/gunicorn/http/message.py", line 578, in read_line
    self.read_into(unreader, buf)
  File "/home/freelancer8/.local/lib/python3.12/site-packages/gunicorn/http/message.py", line 558, in read_into
    data = unreader.read()
           ^^^^^^^^^^^^^^^
  File "/home/freelancer8/.local/lib/python3.12/site-packages/gunicorn/http/unreader.py", line 36, in read
    d = self.chunk()
        ^^^^^^^^^^^^
  File "/home/freelancer8/.local/lib/python3.12/site-packages/gunicorn/http/unreader.py", line 65, in chunk
    return self.sock.recv(self.mxchunk)
           ^^^^^^^^^^^^^^^^^^^^^^^^^^^^
  File "/home/freelancer8/.local/lib/python3.12/site-packages/gunicorn/workers/base.py", line 198, in handle_abort
    sys.exit(1)
SystemExit: 1
[2026-04-20 15:42:16 +0000] [2738436] [INFO] Worker exiting (pid: 2738436)
[2026-04-20 15:42:16 +0000] [2889321] [INFO] Booting worker with pid: 2889321
[2026-04-20 15:42:16 +0000] [2738431] [INFO] Control socket listening at /home/freelancer8/.gunicorn/gunicorn.ctl
[2026-04-20 15:45:01 +0000] [2738431] [INFO] Handling signal: term
[2026-04-20 15:45:01 +0000] [2889321] [INFO] Worker exiting (pid: 2889321)
[2026-04-20 15:45:01 +0000] [2738437] [INFO] Worker exiting (pid: 2738437)
[2026-04-20 15:45:01 +0000] [2738431] [INFO] Worker (pid:2738437) was sent SIGTERM!
[2026-04-20 15:45:01 +0000] [2738431] [INFO] Worker (pid:2889321) was sent SIGTERM!
[2026-04-20 15:45:01 +0000] [2738431] [INFO] Shutting down: Master
